<?xml version="1.0" encoding="UTF-8"?>
<testsuite xmlns:xsi="http://www.w3.org/2001/XMLSchema-instance" xsi:noNamespaceSchemaLocation="https://maven.apache.org/surefire/maven-surefire-plugin/xsd/surefire-test-report.xsd" version="3.0.2" name="com.tecsup.app.micro.user.service.UserServiceTest" time="6.099" tests="2" errors="0" skipped="0" failures="0">
  <properties>
[...]
</properties>
  <testcase name="getAllUsers" classname="com.tecsup.app.micro.user.service.UserServiceTest" time="0.035">
    <system-out><![CDATA[21:06:20.778 [main] INFO org.springframework.test.context.support.AnnotationConfigContextLoaderUtils -- Could not detect default configuration classes for test class [com.tecsup.app.micro.user.service.UserServiceTest]: UserServiceTest does not declare any static, non-private, non-final, nested classes annotated with @Configuration.
21:06:20.954 [main] INFO org.springframework.boot.test.context.SpringBootTestContextBootstrapper -- Found @SpringBootConfiguration com.tecsup.app.micro.user.UserServiceApplication for test class com.tecsup.app.micro.user.service.UserServiceTest
21:06:21.147 [main] INFO org.springframework.boot.devtools.restart.RestartApplicationListener -- Restart disabled due to context in which it is running

  .   ____          _            __ _ _
 /\\ / ___'_ __ _ _(_)_ __  __ _ \ \ \ \
( ( )\___ | '_ | '_| | '_ \/ _` | \ \ \ \
 \\/  ___)| |_)| | | | | || (_| |  ) ) ) )
  '  |____| .__|_| |_|_| |_\__, | / / / /
 =========|_|==============|___/=/_/_/_/

 :: Spring Boot ::                (v3.5.6)

2025-11-12T21:06:21.520-05:00  INFO 15168 --- [user-service] [           main] c.t.a.m.user.service.UserServiceTest     : Starting UserServiceTest using Java 17.0.12 with PID 15168 (started by AleEMP in D:\BootCamp\Spring Boot PRO\m6-sbp-c05-micro-user-service)
2025-11-12T21:06:21.522-05:00  INFO 15168 --- [user-service] [           main] c.t.a.m.user.service.UserServiceTest     : The following 1 profile is active: "local"
2025-11-12T21:06:22.222-05:00  INFO 15168 --- [user-service] [           main] .s.d.r.c.RepositoryConfigurationDelegate : Bootstrapping Spring Data JPA repositories in DEFAULT mode.
2025-11-12T21:06:22.299-05:00  INFO 15168 --- [user-service] [           main] .s.d.r.c.RepositoryConfigurationDelegate : Finished Spring Data repository scanning in 63 ms. Found 1 JPA repository interface.
2025-11-12T21:06:24.232-05:00  INFO 15168 --- [user-service] [           main] com.zaxxer.hikari.HikariDataSource       : HikariPool-1 - Starting...
2025-11-12T21:06:24.440-05:00  INFO 15168 --- [user-service] [           main] com.zaxxer.hikari.pool.HikariPool        : HikariPool-1 - Added connection conn0: url=jdbc:h2:mem:userdb user=SA
2025-11-12T21:06:24.442-05:00  INFO 15168 --- [user-service] [           main] com.zaxxer.hikari.HikariDataSource       : HikariPool-1 - Start completed.
2025-11-12T21:06:24.502-05:00  INFO 15168 --- [user-service] [           main] org.flywaydb.core.FlywayExecutor         : Database: jdbc:h2:mem:userdb (H2 2.3)
2025-11-12T21:06:24.541-05:00  INFO 15168 --- [user-service] [           main] o.f.c.i.s.JdbcTableSchemaHistory         : Schema history table "PUBLIC"."flyway_schema_history" does not exist yet
2025-11-12T21:06:24.546-05:00  INFO 15168 --- [user-service] [           main] o.f.core.internal.command.DbValidate     : Successfully validated 3 migrations (execution time 00:00.019s)
2025-11-12T21:06:24.557-05:00  INFO 15168 --- [user-service] [           main] org.flywaydb.core.Flyway                 : All configured schemas are empty; baseline operation skipped. A baseline or migration script with a lower version than the baseline version may execute if available. Check the Schemas parameter if this is not intended.
2025-11-12T21:06:24.558-05:00  INFO 15168 --- [user-service] [           main] o.f.c.i.s.JdbcTableSchemaHistory         : Creating Schema History table "PUBLIC"."flyway_schema_history" ...
2025-11-12T21:06:24.604-05:00  INFO 15168 --- [user-service] [           main] o.f.core.internal.command.DbMigrate      : Current version of schema "PUBLIC": << Empty Schema >>
2025-11-12T21:06:24.617-05:00  INFO 15168 --- [user-service] [           main] o.f.core.internal.command.DbMigrate      : Migrating schema "PUBLIC" to version "1 - CREATE TABLES"
2025-11-12T21:06:24.659-05:00  INFO 15168 --- [user-service] [           main] o.f.core.internal.command.DbMigrate      : Migrating schema "PUBLIC" to version "2 - ADD INDEXES"
2025-11-12T21:06:24.670-05:00  INFO 15168 --- [user-service] [           main] o.f.core.internal.command.DbMigrate      : Migrating schema "PUBLIC" to version "3 - INSERT DATA"
2025-11-12T21:06:24.685-05:00  INFO 15168 --- [user-service] [           main] o.f.core.internal.command.DbMigrate      : Successfully applied 3 migrations to schema "PUBLIC", now at version v3 (execution time 00:00.016s)
2025-11-12T21:06:24.822-05:00  INFO 15168 --- [user-service] [           main] o.hibernate.jpa.internal.util.LogHelper  : HHH000204: Processing PersistenceUnitInfo [name: default]
2025-11-12T21:06:24.893-05:00  INFO 15168 --- [user-service] [           main] org.hibernate.Version                    : HHH000412: Hibernate ORM core version 6.6.29.Final
2025-11-12T21:06:24.943-05:00  INFO 15168 --- [user-service] [           main] o.h.c.internal.RegionFactoryInitiator    : HHH000026: Second-level cache disabled
2025-11-12T21:06:25.109-05:00  INFO 15168 --- [user-service] [           main] o.s.o.j.p.SpringPersistenceUnitInfo      : No LoadTimeWeaver setup: ignoring JPA class transformer
2025-11-12T21:06:25.169-05:00  WARN 15168 --- [user-service] [           main] org.hibernate.orm.deprecation            : HHH90000025: H2Dialect does not need to be specified explicitly using 'hibernate.dialect' (remove the property setting and it will be selected by default)
2025-11-12T21:06:25.189-05:00  INFO 15168 --- [user-service] [           main] org.hibernate.orm.connections.pooling    : HHH10001005: Database info:
	Database JDBC URL [Connecting through datasource 'HikariDataSource (HikariPool-1)']
	Database driver: undefined/unknown
	Database version: 2.3.232
	Autocommit mode: undefined/unknown
	Isolation level: undefined/unknown
	Minimum pool size: undefined/unknown
	Maximum pool size: undefined/unknown
2025-11-12T21:06:25.987-05:00  INFO 15168 --- [user-service] [           main] o.h.e.t.j.p.i.JtaPlatformInitiator       : HHH000489: No JTA platform available (set 'hibernate.transaction.jta.platform' to enable JTA platform integration)
2025-11-12T21:06:26.013-05:00  INFO 15168 --- [user-service] [           main] j.LocalContainerEntityManagerFactoryBean : Initialized JPA EntityManagerFactory for persistence unit 'default'
2025-11-12T21:06:26.161-05:00  WARN 15168 --- [user-service] [           main] JpaBaseConfiguration$JpaWebConfiguration : spring.jpa.open-in-view is enabled by default. Therefore, database queries may be performed during view rendering. Explicitly configure spring.jpa.open-in-view to disable this warning
2025-11-12T21:06:26.581-05:00  INFO 15168 --- [user-service] [           main] c.t.a.m.user.service.UserServiceTest     : Started UserServiceTest in 5.448 seconds (process running for 6.846)
]]></system-out>
  </testcase>
  <testcase name="getUserById" classname="com.tecsup.app.micro.user.service.UserServiceTest" time="0.028"/>
</testsuite>